<?xml version="1.0" encoding="UTF-8"?>
<testng-results skipped="0" failed="0" ignored="0" total="1" passed="1">
  <reporter-output>
  </reporter-output>
  <suite name="Suite" duration-ms="60741" started-at="2022-07-20T14:18:10 IST" finished-at="2022-07-20T14:19:10 IST">
    <groups>
    </groups>
    <test name="Test" duration-ms="60741" started-at="2022-07-20T14:18:10 IST" finished-at="2022-07-20T14:19:10 IST">
      <class name="google.TC001">
        <test-method status="PASS" signature="google()[pri:0, instance:google.TC001@2b552920]" name="google" duration-ms="60621" started-at="2022-07-20T14:18:10 IST" finished-at="2022-07-20T14:19:10 IST">
          <reporter-output>
          </reporter-output>
        </test-method> <!-- google -->
      </class> <!-- google.TC001 -->
    </test> <!-- Test -->
  </suite> <!-- Suite -->
</testng-results>
