<?xml version="1.0" encoding="UTF-8"?>
<testng-results ignored="0" total="1" passed="1" failed="0" skipped="0">
  <reporter-output>
  </reporter-output>
  <suite started-at="2022-07-19T11:35:05 IST" name="Default suite" finished-at="2022-07-19T11:35:45 IST" duration-ms="39970">
    <groups>
      <group name="cucumber">
        <method signature="AbstractTestNGCucumberTests.runScenario(io.cucumber.testng.PickleWrapper,io.cucumber.testng.FeatureWrapper)[pri:0, instance:com.sample.testcases.TC001@7c137fd5]" name="runScenario" class="io.cucumber.testng.AbstractTestNGCucumberTests"/>
      </group> <!-- cucumber -->
    </groups>
    <test started-at="2022-07-19T11:35:05 IST" name="Default test" finished-at="2022-07-19T11:35:45 IST" duration-ms="39970">
      <class name="com.sample.testcases.TC001">
        <test-method is-config="true" signature="startReport()[pri:0, instance:com.sample.testcases.TC001@7c137fd5]" started-at="2022-07-19T11:35:04 IST" name="startReport" finished-at="2022-07-19T11:35:05 IST" duration-ms="1044" status="PASS">
          <reporter-output>
          </reporter-output>
        </test-method> <!-- startReport -->
        <test-method is-config="true" signature="setValues()[pri:0, instance:com.sample.testcases.TC001@7c137fd5]" started-at="2022-07-19T11:35:05 IST" name="setValues" finished-at="2022-07-19T11:35:05 IST" duration-ms="0" status="PASS">
          <reporter-output>
          </reporter-output>
        </test-method> <!-- setValues -->
        <test-method is-config="true" signature="setUpClass()[pri:0, instance:com.sample.testcases.TC001@7c137fd5]" started-at="2022-07-19T11:35:05 IST" name="setUpClass" finished-at="2022-07-19T11:35:06 IST" duration-ms="726" status="PASS">
          <reporter-output>
          </reporter-output>
        </test-method> <!-- setUpClass -->
        <test-method is-config="true" signature="report()[pri:0, instance:com.sample.testcases.TC001@7c137fd5]" started-at="2022-07-19T11:35:06 IST" name="report" finished-at="2022-07-19T11:35:06 IST" duration-ms="28" status="PASS">
          <reporter-output>
          </reporter-output>
        </test-method> <!-- report -->
        <test-method is-config="true" signature="beforeMethod()[pri:0, instance:com.sample.testcases.TC001@7c137fd5]" started-at="2022-07-19T11:35:09 IST" name="beforeMethod" finished-at="2022-07-19T11:35:27 IST" duration-ms="18600" status="PASS">
          <reporter-output>
          </reporter-output>
        </test-method> <!-- beforeMethod -->
        <test-method signature="createLeaf(java.lang.String,java.lang.String)[pri:0, instance:com.sample.testcases.TC001@7c137fd5]" started-at="2022-07-19T11:35:27 IST" name="createLeaf" data-provider="fetchData" finished-at="2022-07-19T11:35:42 IST" duration-ms="15110" status="PASS">
          <params>
            <param index="0">
              <value>
                <![CDATA[Admin]]>
              </value>
            </param>
            <param index="1">
              <value>
                <![CDATA[admin123]]>
              </value>
            </param>
          </params>
          <reporter-output>
          </reporter-output>
        </test-method> <!-- createLeaf -->
        <test-method is-config="true" signature="afterMethod()[pri:0, instance:com.sample.testcases.TC001@7c137fd5]" started-at="2022-07-19T11:35:42 IST" name="afterMethod" finished-at="2022-07-19T11:35:45 IST" duration-ms="2727" status="PASS">
          <reporter-output>
          </reporter-output>
        </test-method> <!-- afterMethod -->
        <test-method is-config="true" signature="tearDownClass()[pri:0, instance:com.sample.testcases.TC001@7c137fd5]" started-at="2022-07-19T11:35:45 IST" name="tearDownClass" finished-at="2022-07-19T11:35:45 IST" duration-ms="32" status="PASS">
          <reporter-output>
          </reporter-output>
        </test-method> <!-- tearDownClass -->
        <test-method is-config="true" signature="stopReport()[pri:0, instance:com.sample.testcases.TC001@7c137fd5]" started-at="2022-07-19T11:35:45 IST" name="stopReport" finished-at="2022-07-19T11:35:47 IST" duration-ms="1499" status="PASS">
          <reporter-output>
          </reporter-output>
        </test-method> <!-- stopReport -->
      </class> <!-- com.sample.testcases.TC001 -->
    </test> <!-- Default test -->
  </suite> <!-- Default suite -->
</testng-results>
